<?xml version="1.0" encoding="UTF-8"?>
<!-- Generated by org.testng.reporters.JUnitReportReporter -->
<testsuite hostname="LAPTOP-N716SJOQ" failures="0" tests="7" name="Practice.navigation" time="1.571" errors="0" timestamp="2021-07-07T06:50:14 IST" skipped="0">
  <testcase classname="Practice.navigation" name="radioButton" time="0.250"/>
  <system-out/>
  <testcase classname="Practice.navigation" name="suggesetionClass" time="0.128"/>
  <system-out/>
  <testcase classname="Practice.navigation" name="dropDown" time="0.345"/>
  <system-out/>
  <testcase classname="Practice.navigation" name="checkBox" time="0.073"/>
  <system-out/>
  <testcase classname="Practice.navigation" name="switchWindow" time="0.313"/>
  <system-out/>
  <testcase classname="Practice.navigation" name="alertWindow" time="0.246"/>
  <system-out/>
  <testcase classname="Practice.navigation" name="Table" time="0.216"/>
  <system-out/>
</testsuite> <!-- Practice.navigation -->
